# JRE version: OpenJDK Runtime Environment (8.0_112-b06) (build 1.8.0_112-release-b06)
# Java VM: OpenJDK 64-Bit Server VM (25.112-b06 mixed mode windows-amd64 compressed oops)
Heap:
 PSYoungGen      total 172544K, used 110065K [0x00000000eab00000, 0x00000000fae00000, 0x0000000100000000)
  eden space 122880K, 49% used [0x00000000eab00000,0x00000000ee600c88,0x00000000f2300000)
  from space 49664K, 99% used [0x00000000f7d80000,0x00000000fadfbad8,0x00000000fae00000)
  to   space 35328K, 0% used [0x00000000f2300000,0x00000000f2300000,0x00000000f4580000)
 ParOldGen       total 123904K, used 75968K [0x00000000c0000000, 0x00000000c7900000, 0x00000000eab00000)
  object space 123904K, 61% used [0x00000000c0000000,0x00000000c4a30060,0x00000000c7900000)
 Metaspace       used 6310K, capacity 7344K, committed 7552K, reserved 1056768K
  class space    used 585K, capacity 616K, committed 640K, reserved 1048576K
GC Heap History (10 events):
Event: 6.137 GC heap before
{Heap before GC invocations=5 (full 0):
 PSYoungGen      total 71680K, used 71675K [0x00000000eab00000, 0x00000000ef600000, 0x0000000100000000)
  eden space 66560K, 100% used [0x00000000eab00000,0x00000000eec00000,0x00000000eec00000)
  from space 5120K, 99% used [0x00000000ef100000,0x00000000ef5fed30,0x00000000ef600000)
  to   space 5120K, 0% used [0x00000000eec00000,0x00000000eec00000,0x00000000ef100000)
 ParOldGen       total 87552K, used 47267K [0x00000000c0000000, 0x00000000c5580000, 0x00000000eab00000)
  object space 87552K, 53% used [0x00000000c0000000,0x00000000c2e28e98,0x00000000c5580000)
 Metaspace       used 5815K, capacity 6896K, committed 7040K, reserved 1056768K
  class space    used 561K, capacity 616K, committed 640K, reserved 1048576K
Event: 6.171 GC heap after
Heap after GC invocations=5 (full 0):
 PSYoungGen      total 71680K, used 5090K [0x00000000eab00000, 0x00000000f7100000, 0x0000000100000000)
  eden space 66560K, 0% used [0x00000000eab00000,0x00000000eab00000,0x00000000eec00000)
  from space 5120K, 99% used [0x00000000eec00000,0x00000000ef0f8800,0x00000000ef100000)
  to   space 34816K, 0% used [0x00000000f4f00000,0x00000000f4f00000,0x00000000f7100000)
 ParOldGen       total 87552K, used 78440K [0x00000000c0000000, 0x00000000c5580000, 0x00000000eab00000)
  object space 87552K, 89% used [0x00000000c0000000,0x00000000c4c9a040,0x00000000c5580000)
 Metaspace       used 5815K, capacity 6896K, committed 7040K, reserved 1056768K
  class space    used 561K, capacity 616K, committed 640K, reserved 1048576K
}
Event: 6.171 GC heap before
{Heap before GC invocations=6 (full 1):
 PSYoungGen      total 71680K, used 5090K [0x00000000eab00000, 0x00000000f7100000, 0x0000000100000000)
  eden space 66560K, 0% used [0x00000000eab00000,0x00000000eab00000,0x00000000eec00000)
  from space 5120K, 99% used [0x00000000eec00000,0x00000000ef0f8800,0x00000000ef100000)
  to   space 34816K, 0% used [0x00000000f4f00000,0x00000000f4f00000,0x00000000f7100000)
 ParOldGen       total 87552K, used 78440K [0x00000000c0000000, 0x00000000c5580000, 0x00000000eab00000)
  object space 87552K, 89% used [0x00000000c0000000,0x00000000c4c9a040,0x00000000c5580000)
 Metaspace       used 5815K, capacity 6896K, committed 7040K, reserved 1056768K
  class space    used 561K, capacity 616K, committed 640K, reserved 1048576K
Event: 6.759 GC heap after
Heap after GC invocations=6 (full 1):
 PSYoungGen      total 71680K, used 0K [0x00000000eab00000, 0x00000000f7100000, 0x0000000100000000)
  eden space 66560K, 0% used [0x00000000eab00000,0x00000000eab00000,0x00000000eec00000)
  from space 5120K, 0% used [0x00000000eec00000,0x00000000eec00000,0x00000000ef100000)
  to   space 34816K, 0% used [0x00000000f4f00000,0x00000000f4f00000,0x00000000f7100000)
 ParOldGen       total 123904K, used 43979K [0x00000000c0000000, 0x00000000c7900000, 0x00000000eab00000)
  object space 123904K, 35% used [0x00000000c0000000,0x00000000c2af2c70,0x00000000c7900000)
 Metaspace       used 5815K, capacity 6896K, committed 7040K, reserved 1056768K
  class space    used 561K, capacity 616K, committed 640K, reserved 1048576K
}
Event: 7.120 GC heap before
{Heap before GC invocations=7 (full 1):
 PSYoungGen      total 71680K, used 66560K [0x00000000eab00000, 0x00000000f7100000, 0x0000000100000000)
  eden space 66560K, 100% used [0x00000000eab00000,0x00000000eec00000,0x00000000eec00000)
  from space 5120K, 0% used [0x00000000eec00000,0x00000000eec00000,0x00000000ef100000)
  to   space 34816K, 0% used [0x00000000f4f00000,0x00000000f4f00000,0x00000000f7100000)
 ParOldGen       total 123904K, used 43979K [0x00000000c0000000, 0x00000000c7900000, 0x00000000eab00000)
  object space 123904K, 35% used [0x00000000c0000000,0x00000000c2af2c70,0x00000000c7900000)
 Metaspace       used 5841K, capacity 6960K, committed 7040K, reserved 1056768K
  class space    used 561K, capacity 616K, committed 640K, reserved 1048576K
Event: 7.270 GC heap after
Heap after GC invocations=7 (full 1):
 PSYoungGen      total 128000K, used 25546K [0x00000000eab00000, 0x00000000f6800000, 0x0000000100000000)
  eden space 102400K, 0% used [0x00000000eab00000,0x00000000eab00000,0x00000000f0f00000)
  from space 25600K, 99% used [0x00000000f4f00000,0x00000000f67f29c0,0x00000000f6800000)
  to   space 35328K, 0% used [0x00000000f2300000,0x00000000f2300000,0x00000000f4580000)
 ParOldGen       total 123904K, used 43979K [0x00000000c0000000, 0x00000000c7900000, 0x00000000eab00000)
  object space 123904K, 35% used [0x00000000c0000000,0x00000000c2af2c70,0x00000000c7900000)
 Metaspace       used 5841K, capacity 6960K, committed 7040K, reserved 1056768K
  class space    used 561K, capacity 616K, committed 640K, reserved 1048576K
}
Event: 8.046 GC heap before
{Heap before GC invocations=8 (full 1):
 PSYoungGen      total 128000K, used 127946K [0x00000000eab00000, 0x00000000f6800000, 0x0000000100000000)
  eden space 102400K, 100% used [0x00000000eab00000,0x00000000f0f00000,0x00000000f0f00000)
  from space 25600K, 99% used [0x00000000f4f00000,0x00000000f67f29c0,0x00000000f6800000)
  to   space 35328K, 0% used [0x00000000f2300000,0x00000000f2300000,0x00000000f4580000)
 ParOldGen       total 123904K, used 43979K [0x00000000c0000000, 0x00000000c7900000, 0x00000000eab00000)
  object space 123904K, 35% used [0x00000000c0000000,0x00000000c2af2c70,0x00000000c7900000)
 Metaspace       used 5861K, capacity 6960K, committed 7040K, reserved 1056768K
  class space    used 561K, capacity 616K, committed 640K, reserved 1048576K
Event: 8.326 GC heap after
Heap after GC invocations=8 (full 1):
 PSYoungGen      total 158208K, used 35307K [0x00000000eab00000, 0x00000000fae00000, 0x0000000100000000)
  eden space 122880K, 0% used [0x00000000eab00000,0x00000000eab00000,0x00000000f2300000)
  from space 35328K, 99% used [0x00000000f2300000,0x00000000f457af50,0x00000000f4580000)
  to   space 49664K, 0% used [0x00000000f7d80000,0x00000000f7d80000,0x00000000fae00000)
 ParOldGen       total 123904K, used 62689K [0x00000000c0000000, 0x00000000c7900000, 0x00000000eab00000)
  object space 123904K, 50% used [0x00000000c0000000,0x00000000c3d38490,0x00000000c7900000)
 Metaspace       used 5861K, capacity 6960K, committed 7040K, reserved 1056768K
  class space    used 561K, capacity 616K, committed 640K, reserved 1048576K
}
Event: 9.102 GC heap before
{Heap before GC invocations=9 (full 1):
 PSYoungGen      total 158208K, used 158187K [0x00000000eab00000, 0x00000000fae00000, 0x0000000100000000)
  eden space 122880K, 100% used [0x00000000eab00000,0x00000000f2300000,0x00000000f2300000)
  from space 35328K, 99% used [0x00000000f2300000,0x00000000f457af50,0x00000000f4580000)
  to   space 49664K, 0% used [0x00000000f7d80000,0x00000000f7d80000,0x00000000fae00000)
 ParOldGen       total 123904K, used 62689K [0x00000000c0000000, 0x00000000c7900000, 0x00000000eab00000)
  object space 123904K, 50% used [0x00000000c0000000,0x00000000c3d38490,0x00000000c7900000)
 Metaspace       used 5919K, capacity 7024K, committed 7296K, reserved 1056768K
  class space    used 564K, capacity 616K, committed 640K, reserved 1048576K
Event: 9.434 GC heap after
Heap after GC invocations=9 (full 1):
 PSYoungGen      total 172544K, used 49646K [0x00000000eab00000, 0x00000000fae00000, 0x0000000100000000)
  eden space 122880K, 0% used [0x00000000eab00000,0x00000000eab00000,0x00000000f2300000)
  from space 49664K, 99% used [0x00000000f7d80000,0x00000000fadfbad8,0x00000000fae00000)
  to   space 35328K, 0% used [0x00000000f2300000,0x00000000f2300000,0x00000000f4580000)
 ParOldGen       total 123904K, used 75968K [0x00000000c0000000, 0x00000000c7900000, 0x00000000eab00000)
  object space 123904K, 61% used [0x00000000c0000000,0x00000000c4a30060,0x00000000c7900000)
 Metaspace       used 5919K, capacity 7024K, committed 7296K, reserved 1056768K
  class space    used 564K, capacity 616K, committed 640K, reserved 1048576K
}

