# JRE version: OpenJDK Runtime Environment (8.0_112-b06) (build 1.8.0_112-release-b06)
# Java VM: OpenJDK 64-Bit Server VM (25.112-b06 mixed mode windows-amd64 compressed oops)
Heap:
 PSYoungGen      total 171520K, used 118267K [0x00000000eab00000, 0x00000000fc600000, 0x0000000100000000)
  eden space 123392K, 56% used [0x00000000eab00000,0x00000000eef7fc08,0x00000000f2380000)
  from space 48128K, 99% used [0x00000000f9700000,0x00000000fc5ff1f0,0x00000000fc600000)
  to   space 35328K, 0% used [0x00000000f2380000,0x00000000f2380000,0x00000000f4600000)
 ParOldGen       total 111616K, used 59949K [0x00000000c0000000, 0x00000000c6d00000, 0x00000000eab00000)
  object space 111616K, 53% used [0x00000000c0000000,0x00000000c3a8b4c0,0x00000000c6d00000)
 Metaspace       used 6047K, capacity 7088K, committed 7296K, reserved 1056768K
  class space    used 569K, capacity 616K, committed 640K, reserved 1048576K
GC Heap History (10 events):
Event: 5.815 GC heap before
{Heap before GC invocations=5 (full 0):
 PSYoungGen      total 71680K, used 71661K [0x00000000eab00000, 0x00000000ef600000, 0x0000000100000000)
  eden space 66560K, 100% used [0x00000000eab00000,0x00000000eec00000,0x00000000eec00000)
  from space 5120K, 99% used [0x00000000ef100000,0x00000000ef5fb700,0x00000000ef600000)
  to   space 5120K, 0% used [0x00000000eec00000,0x00000000eec00000,0x00000000ef100000)
 ParOldGen       total 87552K, used 49597K [0x00000000c0000000, 0x00000000c5580000, 0x00000000eab00000)
  object space 87552K, 56% used [0x00000000c0000000,0x00000000c306f478,0x00000000c5580000)
 Metaspace       used 5809K, capacity 6896K, committed 7040K, reserved 1056768K
  class space    used 563K, capacity 616K, committed 640K, reserved 1048576K
Event: 5.954 GC heap after
Heap after GC invocations=5 (full 0):
 PSYoungGen      total 71680K, used 5115K [0x00000000eab00000, 0x00000000f7500000, 0x0000000100000000)
  eden space 66560K, 0% used [0x00000000eab00000,0x00000000eab00000,0x00000000eec00000)
  from space 5120K, 99% used [0x00000000eec00000,0x00000000ef0fed90,0x00000000ef100000)
  to   space 36864K, 0% used [0x00000000f5100000,0x00000000f5100000,0x00000000f7500000)
 ParOldGen       total 87552K, used 82737K [0x00000000c0000000, 0x00000000c5580000, 0x00000000eab00000)
  object space 87552K, 94% used [0x00000000c0000000,0x00000000c50cc410,0x00000000c5580000)
 Metaspace       used 5809K, capacity 6896K, committed 7040K, reserved 1056768K
  class space    used 563K, capacity 616K, committed 640K, reserved 1048576K
}
Event: 5.954 GC heap before
{Heap before GC invocations=6 (full 1):
 PSYoungGen      total 71680K, used 5115K [0x00000000eab00000, 0x00000000f7500000, 0x0000000100000000)
  eden space 66560K, 0% used [0x00000000eab00000,0x00000000eab00000,0x00000000eec00000)
  from space 5120K, 99% used [0x00000000eec00000,0x00000000ef0fed90,0x00000000ef100000)
  to   space 36864K, 0% used [0x00000000f5100000,0x00000000f5100000,0x00000000f7500000)
 ParOldGen       total 87552K, used 82737K [0x00000000c0000000, 0x00000000c5580000, 0x00000000eab00000)
  object space 87552K, 94% used [0x00000000c0000000,0x00000000c50cc410,0x00000000c5580000)
 Metaspace       used 5809K, capacity 6896K, committed 7040K, reserved 1056768K
  class space    used 563K, capacity 616K, committed 640K, reserved 1048576K
Event: 6.364 GC heap after
Heap after GC invocations=6 (full 1):
 PSYoungGen      total 71680K, used 0K [0x00000000eab00000, 0x00000000f7500000, 0x0000000100000000)
  eden space 66560K, 0% used [0x00000000eab00000,0x00000000eab00000,0x00000000eec00000)
  from space 5120K, 0% used [0x00000000eec00000,0x00000000eec00000,0x00000000ef100000)
  to   space 36864K, 0% used [0x00000000f5100000,0x00000000f5100000,0x00000000f7500000)
 ParOldGen       total 111616K, used 38092K [0x00000000c0000000, 0x00000000c6d00000, 0x00000000eab00000)
  object space 111616K, 34% used [0x00000000c0000000,0x00000000c25332b8,0x00000000c6d00000)
 Metaspace       used 5809K, capacity 6896K, committed 7040K, reserved 1056768K
  class space    used 563K, capacity 616K, committed 640K, reserved 1048576K
}
Event: 6.817 GC heap before
{Heap before GC invocations=7 (full 1):
 PSYoungGen      total 71680K, used 66560K [0x00000000eab00000, 0x00000000f7500000, 0x0000000100000000)
  eden space 66560K, 100% used [0x00000000eab00000,0x00000000eec00000,0x00000000eec00000)
  from space 5120K, 0% used [0x00000000eec00000,0x00000000eec00000,0x00000000ef100000)
  to   space 36864K, 0% used [0x00000000f5100000,0x00000000f5100000,0x00000000f7500000)
 ParOldGen       total 111616K, used 38092K [0x00000000c0000000, 0x00000000c6d00000, 0x00000000eab00000)
  object space 111616K, 34% used [0x00000000c0000000,0x00000000c25332b8,0x00000000c6d00000)
 Metaspace       used 5847K, capacity 6960K, committed 7040K, reserved 1056768K
  class space    used 563K, capacity 616K, committed 640K, reserved 1048576K
Event: 6.900 GC heap after
Heap after GC invocations=7 (full 1):
 PSYoungGen      total 138752K, used 23607K [0x00000000eab00000, 0x00000000f6880000, 0x0000000100000000)
  eden space 114688K, 0% used [0x00000000eab00000,0x00000000eab00000,0x00000000f1b00000)
  from space 24064K, 98% used [0x00000000f5100000,0x00000000f680dc88,0x00000000f6880000)
  to   space 35328K, 0% used [0x00000000f2380000,0x00000000f2380000,0x00000000f4600000)
 ParOldGen       total 111616K, used 38100K [0x00000000c0000000, 0x00000000c6d00000, 0x00000000eab00000)
  object space 111616K, 34% used [0x00000000c0000000,0x00000000c25352b8,0x00000000c6d00000)
 Metaspace       used 5847K, capacity 6960K, committed 7040K, reserved 1056768K
  class space    used 563K, capacity 616K, committed 640K, reserved 1048576K
}
Event: 7.576 GC heap before
{Heap before GC invocations=8 (full 1):
 PSYoungGen      total 138752K, used 138295K [0x00000000eab00000, 0x00000000f6880000, 0x0000000100000000)
  eden space 114688K, 100% used [0x00000000eab00000,0x00000000f1b00000,0x00000000f1b00000)
  from space 24064K, 98% used [0x00000000f5100000,0x00000000f680dc88,0x00000000f6880000)
  to   space 35328K, 0% used [0x00000000f2380000,0x00000000f2380000,0x00000000f4600000)
 ParOldGen       total 111616K, used 38100K [0x00000000c0000000, 0x00000000c6d00000, 0x00000000eab00000)
  object space 111616K, 34% used [0x00000000c0000000,0x00000000c25352b8,0x00000000c6d00000)
 Metaspace       used 5886K, capacity 6960K, committed 7040K, reserved 1056768K
  class space    used 563K, capacity 616K, committed 640K, reserved 1048576K
Event: 7.630 GC heap after
Heap after GC invocations=8 (full 1):
 PSYoungGen      total 158720K, used 35309K [0x00000000eab00000, 0x00000000fc600000, 0x0000000100000000)
  eden space 123392K, 0% used [0x00000000eab00000,0x00000000eab00000,0x00000000f2380000)
  from space 35328K, 99% used [0x00000000f2380000,0x00000000f45fb4e8,0x00000000f4600000)
  to   space 48128K, 0% used [0x00000000f9700000,0x00000000f9700000,0x00000000fc600000)
 ParOldGen       total 111616K, used 54112K [0x00000000c0000000, 0x00000000c6d00000, 0x00000000eab00000)
  object space 111616K, 48% used [0x00000000c0000000,0x00000000c34d8098,0x00000000c6d00000)
 Metaspace       used 5886K, capacity 6960K, committed 7040K, reserved 1056768K
  class space    used 563K, capacity 616K, committed 640K, reserved 1048576K
}
Event: 8.206 GC heap before
{Heap before GC invocations=9 (full 1):
 PSYoungGen      total 158720K, used 158701K [0x00000000eab00000, 0x00000000fc600000, 0x0000000100000000)
  eden space 123392K, 100% used [0x00000000eab00000,0x00000000f2380000,0x00000000f2380000)
  from space 35328K, 99% used [0x00000000f2380000,0x00000000f45fb4e8,0x00000000f4600000)
  to   space 48128K, 0% used [0x00000000f9700000,0x00000000f9700000,0x00000000fc600000)
 ParOldGen       total 111616K, used 54112K [0x00000000c0000000, 0x00000000c6d00000, 0x00000000eab00000)
  object space 111616K, 48% used [0x00000000c0000000,0x00000000c34d8098,0x00000000c6d00000)
 Metaspace       used 5970K, capacity 7024K, committed 7296K, reserved 1056768K
  class space    used 565K, capacity 616K, committed 640K, reserved 1048576K
Event: 8.277 GC heap after
Heap after GC invocations=9 (full 1):
 PSYoungGen      total 171520K, used 48124K [0x00000000eab00000, 0x00000000fc600000, 0x0000000100000000)
  eden space 123392K, 0% used [0x00000000eab00000,0x00000000eab00000,0x00000000f2380000)
  from space 48128K, 99% used [0x00000000f9700000,0x00000000fc5ff1f0,0x00000000fc600000)
  to   space 35328K, 0% used [0x00000000f2380000,0x00000000f2380000,0x00000000f4600000)
 ParOldGen       total 111616K, used 59949K [0x00000000c0000000, 0x00000000c6d00000, 0x00000000eab00000)
  object space 111616K, 53% used [0x00000000c0000000,0x00000000c3a8b4c0,0x00000000c6d00000)
 Metaspace       used 5970K, capacity 7024K, committed 7296K, reserved 1056768K
  class space    used 565K, capacity 616K, committed 640K, reserved 1048576K
}

