# JRE version: OpenJDK Runtime Environment (8.0_112-b06) (build 1.8.0_112-release-b06)
# Java VM: OpenJDK 64-Bit Server VM (25.112-b06 mixed mode windows-amd64 compressed oops)
Heap:
 PSYoungGen      total 232448K, used 201665K [0x00000000eab00000, 0x00000000fea00000, 0x0000000100000000)
  eden space 181760K, 83% used [0x00000000eab00000,0x00000000f3ec9fb0,0x00000000f5c80000)
  from space 50688K, 99% used [0x00000000fb880000,0x00000000fe9a6770,0x00000000fea00000)
  to   space 65024K, 0% used [0x00000000f6b00000,0x00000000f6b00000,0x00000000faa80000)
 ParOldGen       total 198144K, used 75640K [0x00000000c0000000, 0x00000000cc180000, 0x00000000eab00000)
  object space 198144K, 38% used [0x00000000c0000000,0x00000000c49de288,0x00000000cc180000)
 Metaspace       used 6270K, capacity 7280K, committed 7552K, reserved 1056768K
  class space    used 584K, capacity 616K, committed 640K, reserved 1048576K
GC Heap History (10 events):
Event: 6.509 GC heap before
{Heap before GC invocations=4 (full 0):
 PSYoungGen      total 71680K, used 71652K [0x00000000eab00000, 0x00000000f3700000, 0x0000000100000000)
  eden space 66560K, 100% used [0x00000000eab00000,0x00000000eec00000,0x00000000eec00000)
  from space 5120K, 99% used [0x00000000eec00000,0x00000000ef0f9360,0x00000000ef100000)
  to   space 5120K, 0% used [0x00000000f3200000,0x00000000f3200000,0x00000000f3700000)
 ParOldGen       total 87552K, used 47696K [0x00000000c0000000, 0x00000000c5580000, 0x00000000eab00000)
  object space 87552K, 54% used [0x00000000c0000000,0x00000000c2e943c8,0x00000000c5580000)
 Metaspace       used 5893K, capacity 7024K, committed 7296K, reserved 1056768K
  class space    used 566K, capacity 616K, committed 640K, reserved 1048576K
Event: 6.533 GC heap after
Heap after GC invocations=4 (full 0):
 PSYoungGen      total 138240K, used 5097K [0x00000000eab00000, 0x00000000f3700000, 0x0000000100000000)
  eden space 133120K, 0% used [0x00000000eab00000,0x00000000eab00000,0x00000000f2d00000)
  from space 5120K, 99% used [0x00000000f3200000,0x00000000f36fa510,0x00000000f3700000)
  to   space 5120K, 0% used [0x00000000f2d00000,0x00000000f2d00000,0x00000000f3200000)
 ParOldGen       total 87552K, used 66931K [0x00000000c0000000, 0x00000000c5580000, 0x00000000eab00000)
  object space 87552K, 76% used [0x00000000c0000000,0x00000000c415cfc0,0x00000000c5580000)
 Metaspace       used 5893K, capacity 7024K, committed 7296K, reserved 1056768K
  class space    used 566K, capacity 616K, committed 640K, reserved 1048576K
}
Event: 6.533 GC heap before
{Heap before GC invocations=5 (full 1):
 PSYoungGen      total 138240K, used 5097K [0x00000000eab00000, 0x00000000f3700000, 0x0000000100000000)
  eden space 133120K, 0% used [0x00000000eab00000,0x00000000eab00000,0x00000000f2d00000)
  from space 5120K, 99% used [0x00000000f3200000,0x00000000f36fa510,0x00000000f3700000)
  to   space 5120K, 0% used [0x00000000f2d00000,0x00000000f2d00000,0x00000000f3200000)
 ParOldGen       total 87552K, used 66931K [0x00000000c0000000, 0x00000000c5580000, 0x00000000eab00000)
  object space 87552K, 76% used [0x00000000c0000000,0x00000000c415cfc0,0x00000000c5580000)
 Metaspace       used 5893K, capacity 7024K, committed 7296K, reserved 1056768K
  class space    used 566K, capacity 616K, committed 640K, reserved 1048576K
Event: 7.068 GC heap after
Heap after GC invocations=5 (full 1):
 PSYoungGen      total 138240K, used 0K [0x00000000eab00000, 0x00000000f3700000, 0x0000000100000000)
  eden space 133120K, 0% used [0x00000000eab00000,0x00000000eab00000,0x00000000f2d00000)
  from space 5120K, 0% used [0x00000000f3200000,0x00000000f3200000,0x00000000f3700000)
  to   space 5120K, 0% used [0x00000000f2d00000,0x00000000f2d00000,0x00000000f3200000)
 ParOldGen       total 98816K, used 22513K [0x00000000c0000000, 0x00000000c6080000, 0x00000000eab00000)
  object space 98816K, 22% used [0x00000000c0000000,0x00000000c15fc7c8,0x00000000c6080000)
 Metaspace       used 5893K, capacity 7024K, committed 7296K, reserved 1056768K
  class space    used 566K, capacity 616K, committed 640K, reserved 1048576K
}
Event: 7.665 GC heap before
{Heap before GC invocations=6 (full 1):
 PSYoungGen      total 138240K, used 133120K [0x00000000eab00000, 0x00000000f3700000, 0x0000000100000000)
  eden space 133120K, 100% used [0x00000000eab00000,0x00000000f2d00000,0x00000000f2d00000)
  from space 5120K, 0% used [0x00000000f3200000,0x00000000f3200000,0x00000000f3700000)
  to   space 5120K, 0% used [0x00000000f2d00000,0x00000000f2d00000,0x00000000f3200000)
 ParOldGen       total 98816K, used 22513K [0x00000000c0000000, 0x00000000c6080000, 0x00000000eab00000)
  object space 98816K, 22% used [0x00000000c0000000,0x00000000c15fc7c8,0x00000000c6080000)
 Metaspace       used 5985K, capacity 7088K, committed 7296K, reserved 1056768K
  class space    used 567K, capacity 616K, committed 640K, reserved 1048576K
Event: 7.725 GC heap after
Heap after GC invocations=6 (full 1):
 PSYoungGen      total 138240K, used 5106K [0x00000000eab00000, 0x00000000ff100000, 0x0000000100000000)
  eden space 133120K, 0% used [0x00000000eab00000,0x00000000eab00000,0x00000000f2d00000)
  from space 5120K, 99% used [0x00000000f2d00000,0x00000000f31fc838,0x00000000f3200000)
  to   space 57856K, 0% used [0x00000000fb880000,0x00000000fb880000,0x00000000ff100000)
 ParOldGen       total 98816K, used 73238K [0x00000000c0000000, 0x00000000c6080000, 0x00000000eab00000)
  object space 98816K, 74% used [0x00000000c0000000,0x00000000c4785930,0x00000000c6080000)
 Metaspace       used 5985K, capacity 7088K, committed 7296K, reserved 1056768K
  class space    used 567K, capacity 616K, committed 640K, reserved 1048576K
}
Event: 7.725 GC heap before
{Heap before GC invocations=7 (full 2):
 PSYoungGen      total 138240K, used 5106K [0x00000000eab00000, 0x00000000ff100000, 0x0000000100000000)
  eden space 133120K, 0% used [0x00000000eab00000,0x00000000eab00000,0x00000000f2d00000)
  from space 5120K, 99% used [0x00000000f2d00000,0x00000000f31fc838,0x00000000f3200000)
  to   space 57856K, 0% used [0x00000000fb880000,0x00000000fb880000,0x00000000ff100000)
 ParOldGen       total 98816K, used 73238K [0x00000000c0000000, 0x00000000c6080000, 0x00000000eab00000)
  object space 98816K, 74% used [0x00000000c0000000,0x00000000c4785930,0x00000000c6080000)
 Metaspace       used 5985K, capacity 7088K, committed 7296K, reserved 1056768K
  class space    used 567K, capacity 616K, committed 640K, reserved 1048576K
Event: 8.016 GC heap after
Heap after GC invocations=7 (full 2):
 PSYoungGen      total 138240K, used 0K [0x00000000eab00000, 0x00000000ff100000, 0x0000000100000000)
  eden space 133120K, 0% used [0x00000000eab00000,0x00000000eab00000,0x00000000f2d00000)
  from space 5120K, 0% used [0x00000000f2d00000,0x00000000f2d00000,0x00000000f3200000)
  to   space 57856K, 0% used [0x00000000fb880000,0x00000000fb880000,0x00000000ff100000)
 ParOldGen       total 198144K, used 75640K [0x00000000c0000000, 0x00000000cc180000, 0x00000000eab00000)
  object space 198144K, 38% used [0x00000000c0000000,0x00000000c49de288,0x00000000cc180000)
 Metaspace       used 5985K, capacity 7088K, committed 7296K, reserved 1056768K
  class space    used 567K, capacity 616K, committed 640K, reserved 1048576K
}
Event: 8.536 GC heap before
{Heap before GC invocations=8 (full 2):
 PSYoungGen      total 138240K, used 133120K [0x00000000eab00000, 0x00000000ff100000, 0x0000000100000000)
  eden space 133120K, 100% used [0x00000000eab00000,0x00000000f2d00000,0x00000000f2d00000)
  from space 5120K, 0% used [0x00000000f2d00000,0x00000000f2d00000,0x00000000f3200000)
  to   space 57856K, 0% used [0x00000000fb880000,0x00000000fb880000,0x00000000ff100000)
 ParOldGen       total 198144K, used 75640K [0x00000000c0000000, 0x00000000cc180000, 0x00000000eab00000)
  object space 198144K, 38% used [0x00000000c0000000,0x00000000c49de288,0x00000000cc180000)
 Metaspace       used 5990K, capacity 7088K, committed 7296K, reserved 1056768K
  class space    used 567K, capacity 616K, committed 640K, reserved 1048576K
Event: 8.573 GC heap after
Heap after GC invocations=8 (full 2):
 PSYoungGen      total 232448K, used 50329K [0x00000000eab00000, 0x00000000fea00000, 0x0000000100000000)
  eden space 181760K, 0% used [0x00000000eab00000,0x00000000eab00000,0x00000000f5c80000)
  from space 50688K, 99% used [0x00000000fb880000,0x00000000fe9a6770,0x00000000fea00000)
  to   space 65024K, 0% used [0x00000000f6b00000,0x00000000f6b00000,0x00000000faa80000)
 ParOldGen       total 198144K, used 75640K [0x00000000c0000000, 0x00000000cc180000, 0x00000000eab00000)
  object space 198144K, 38% used [0x00000000c0000000,0x00000000c49de288,0x00000000cc180000)
 Metaspace       used 5990K, capacity 7088K, committed 7296K, reserved 1056768K
  class space    used 567K, capacity 616K, committed 640K, reserved 1048576K
}

