# JRE version: OpenJDK Runtime Environment (8.0_112-b06) (build 1.8.0_112-release-b06)
# Java VM: OpenJDK 64-Bit Server VM (25.112-b06 mixed mode windows-amd64 compressed oops)
Heap:
 PSYoungGen      total 145408K, used 87365K [0x00000000eab00000, 0x00000000fbc00000, 0x0000000100000000)
  eden space 101376K, 86% used [0x00000000eab00000,0x00000000f0051510,0x00000000f0e00000)
  from space 44032K, 0% used [0x00000000f0e00000,0x00000000f0e00000,0x00000000f3900000)
  to   space 60928K, 0% used [0x00000000f8080000,0x00000000f8080000,0x00000000fbc00000)
 ParOldGen       total 133120K, used 64933K [0x00000000c0000000, 0x00000000c8200000, 0x00000000eab00000)
  object space 133120K, 48% used [0x00000000c0000000,0x00000000c3f694d0,0x00000000c8200000)
 Metaspace       used 6229K, capacity 7280K, committed 7552K, reserved 1056768K
  class space    used 583K, capacity 616K, committed 640K, reserved 1048576K
GC Heap History (10 events):
Event: 2.948 GC heap before
{Heap before GC invocations=5 (full 1):
 PSYoungGen      total 71680K, used 5099K [0x00000000eab00000, 0x00000000ef600000, 0x0000000100000000)
  eden space 66560K, 0% used [0x00000000eab00000,0x00000000eab00000,0x00000000eec00000)
  from space 5120K, 99% used [0x00000000ef100000,0x00000000ef5faf98,0x00000000ef600000)
  to   space 5120K, 0% used [0x00000000eec00000,0x00000000eec00000,0x00000000ef100000)
 ParOldGen       total 87552K, used 66588K [0x00000000c0000000, 0x00000000c5580000, 0x00000000eab00000)
  object space 87552K, 76% used [0x00000000c0000000,0x00000000c4107300,0x00000000c5580000)
 Metaspace       used 5888K, capacity 7024K, committed 7296K, reserved 1056768K
  class space    used 567K, capacity 616K, committed 640K, reserved 1048576K
Event: 3.234 GC heap after
Heap after GC invocations=5 (full 1):
 PSYoungGen      total 71680K, used 0K [0x00000000eab00000, 0x00000000ef600000, 0x0000000100000000)
  eden space 66560K, 0% used [0x00000000eab00000,0x00000000eab00000,0x00000000eec00000)
  from space 5120K, 0% used [0x00000000ef100000,0x00000000ef100000,0x00000000ef600000)
  to   space 5120K, 0% used [0x00000000eec00000,0x00000000eec00000,0x00000000ef100000)
 ParOldGen       total 133120K, used 51478K [0x00000000c0000000, 0x00000000c8200000, 0x00000000eab00000)
  object space 133120K, 38% used [0x00000000c0000000,0x00000000c3245be8,0x00000000c8200000)
 Metaspace       used 5888K, capacity 7024K, committed 7296K, reserved 1056768K
  class space    used 567K, capacity 616K, committed 640K, reserved 1048576K
}
Event: 3.445 GC heap before
{Heap before GC invocations=6 (full 1):
 PSYoungGen      total 71680K, used 66560K [0x00000000eab00000, 0x00000000ef600000, 0x0000000100000000)
  eden space 66560K, 100% used [0x00000000eab00000,0x00000000eec00000,0x00000000eec00000)
  from space 5120K, 0% used [0x00000000ef100000,0x00000000ef100000,0x00000000ef600000)
  to   space 5120K, 0% used [0x00000000eec00000,0x00000000eec00000,0x00000000ef100000)
 ParOldGen       total 133120K, used 51478K [0x00000000c0000000, 0x00000000c8200000, 0x00000000eab00000)
  object space 133120K, 38% used [0x00000000c0000000,0x00000000c3245be8,0x00000000c8200000)
 Metaspace       used 5891K, capacity 7024K, committed 7296K, reserved 1056768K
  class space    used 567K, capacity 616K, committed 640K, reserved 1048576K
Event: 3.468 GC heap after
Heap after GC invocations=6 (full 1):
 PSYoungGen      total 71680K, used 5120K [0x00000000eab00000, 0x00000000f6700000, 0x0000000100000000)
  eden space 66560K, 0% used [0x00000000eab00000,0x00000000eab00000,0x00000000eec00000)
  from space 5120K, 100% used [0x00000000eec00000,0x00000000ef100000,0x00000000ef100000)
  to   space 44544K, 0% used [0x00000000f3b80000,0x00000000f3b80000,0x00000000f6700000)
 ParOldGen       total 133120K, used 80011K [0x00000000c0000000, 0x00000000c8200000, 0x00000000eab00000)
  object space 133120K, 60% used [0x00000000c0000000,0x00000000c4e22f98,0x00000000c8200000)
 Metaspace       used 5891K, capacity 7024K, committed 7296K, reserved 1056768K
  class space    used 567K, capacity 616K, committed 640K, reserved 1048576K
}
Event: 3.869 GC heap before
{Heap before GC invocations=7 (full 1):
 PSYoungGen      total 71680K, used 71680K [0x00000000eab00000, 0x00000000f6700000, 0x0000000100000000)
  eden space 66560K, 100% used [0x00000000eab00000,0x00000000eec00000,0x00000000eec00000)
  from space 5120K, 100% used [0x00000000eec00000,0x00000000ef100000,0x00000000ef100000)
  to   space 44544K, 0% used [0x00000000f3b80000,0x00000000f3b80000,0x00000000f6700000)
 ParOldGen       total 133120K, used 80011K [0x00000000c0000000, 0x00000000c8200000, 0x00000000eab00000)
  object space 133120K, 60% used [0x00000000c0000000,0x00000000c4e22f98,0x00000000c8200000)
 Metaspace       used 5919K, capacity 7024K, committed 7296K, reserved 1056768K
  class space    used 567K, capacity 616K, committed 640K, reserved 1048576K
Event: 3.895 GC heap after
Heap after GC invocations=7 (full 1):
 PSYoungGen      total 142848K, used 29385K [0x00000000eab00000, 0x00000000f6400000, 0x0000000100000000)
  eden space 101376K, 0% used [0x00000000eab00000,0x00000000eab00000,0x00000000f0e00000)
  from space 41472K, 70% used [0x00000000f3b80000,0x00000000f5832798,0x00000000f6400000)
  to   space 44032K, 0% used [0x00000000f0e00000,0x00000000f0e00000,0x00000000f3900000)
 ParOldGen       total 133120K, used 80011K [0x00000000c0000000, 0x00000000c8200000, 0x00000000eab00000)
  object space 133120K, 60% used [0x00000000c0000000,0x00000000c4e22f98,0x00000000c8200000)
 Metaspace       used 5919K, capacity 7024K, committed 7296K, reserved 1056768K
  class space    used 567K, capacity 616K, committed 640K, reserved 1048576K
}
Event: 4.142 GC heap before
{Heap before GC invocations=8 (full 1):
 PSYoungGen      total 142848K, used 130761K [0x00000000eab00000, 0x00000000f6400000, 0x0000000100000000)
  eden space 101376K, 100% used [0x00000000eab00000,0x00000000f0e00000,0x00000000f0e00000)
  from space 41472K, 70% used [0x00000000f3b80000,0x00000000f5832798,0x00000000f6400000)
  to   space 44032K, 0% used [0x00000000f0e00000,0x00000000f0e00000,0x00000000f3900000)
 ParOldGen       total 133120K, used 80011K [0x00000000c0000000, 0x00000000c8200000, 0x00000000eab00000)
  object space 133120K, 60% used [0x00000000c0000000,0x00000000c4e22f98,0x00000000c8200000)
 Metaspace       used 5960K, capacity 7088K, committed 7296K, reserved 1056768K
  class space    used 568K, capacity 616K, committed 640K, reserved 1048576K
Event: 4.187 GC heap after
Heap after GC invocations=8 (full 1):
 PSYoungGen      total 145408K, used 44006K [0x00000000eab00000, 0x00000000fbc00000, 0x0000000100000000)
  eden space 101376K, 0% used [0x00000000eab00000,0x00000000eab00000,0x00000000f0e00000)
  from space 44032K, 99% used [0x00000000f0e00000,0x00000000f38f9bf0,0x00000000f3900000)
  to   space 60928K, 0% used [0x00000000f8080000,0x00000000f8080000,0x00000000fbc00000)
 ParOldGen       total 133120K, used 99947K [0x00000000c0000000, 0x00000000c8200000, 0x00000000eab00000)
  object space 133120K, 75% used [0x00000000c0000000,0x00000000c619aff0,0x00000000c8200000)
 Metaspace       used 5960K, capacity 7088K, committed 7296K, reserved 1056768K
  class space    used 568K, capacity 616K, committed 640K, reserved 1048576K
}
Event: 4.187 GC heap before
{Heap before GC invocations=9 (full 2):
 PSYoungGen      total 145408K, used 44006K [0x00000000eab00000, 0x00000000fbc00000, 0x0000000100000000)
  eden space 101376K, 0% used [0x00000000eab00000,0x00000000eab00000,0x00000000f0e00000)
  from space 44032K, 99% used [0x00000000f0e00000,0x00000000f38f9bf0,0x00000000f3900000)
  to   space 60928K, 0% used [0x00000000f8080000,0x00000000f8080000,0x00000000fbc00000)
 ParOldGen       total 133120K, used 99947K [0x00000000c0000000, 0x00000000c8200000, 0x00000000eab00000)
  object space 133120K, 75% used [0x00000000c0000000,0x00000000c619aff0,0x00000000c8200000)
 Metaspace       used 5960K, capacity 7088K, committed 7296K, reserved 1056768K
  class space    used 568K, capacity 616K, committed 640K, reserved 1048576K
Event: 4.393 GC heap after
Heap after GC invocations=9 (full 2):
 PSYoungGen      total 145408K, used 0K [0x00000000eab00000, 0x00000000fbc00000, 0x0000000100000000)
  eden space 101376K, 0% used [0x00000000eab00000,0x00000000eab00000,0x00000000f0e00000)
  from space 44032K, 0% used [0x00000000f0e00000,0x00000000f0e00000,0x00000000f3900000)
  to   space 60928K, 0% used [0x00000000f8080000,0x00000000f8080000,0x00000000fbc00000)
 ParOldGen       total 133120K, used 64933K [0x00000000c0000000, 0x00000000c8200000, 0x00000000eab00000)
  object space 133120K, 48% used [0x00000000c0000000,0x00000000c3f694d0,0x00000000c8200000)
 Metaspace       used 5960K, capacity 7088K, committed 7296K, reserved 1056768K
  class space    used 568K, capacity 616K, committed 640K, reserved 1048576K
}

