# JRE version: OpenJDK Runtime Environment (8.0_112-b06) (build 1.8.0_112-release-b06)
# Java VM: OpenJDK 64-Bit Server VM (25.112-b06 mixed mode windows-amd64 compressed oops)
Heap:
 PSYoungGen      total 227328K, used 70875K [0x00000000eab00000, 0x00000000ff200000, 0x0000000100000000)
  eden space 168448K, 7% used [0x00000000eab00000,0x00000000eb6bc098,0x00000000f4f80000)
  from space 58880K, 99% used [0x00000000f7f00000,0x00000000fb87adf0,0x00000000fb880000)
  to   space 40960K, 0% used [0x00000000fca00000,0x00000000fca00000,0x00000000ff200000)
 ParOldGen       total 166912K, used 68742K [0x00000000c0000000, 0x00000000ca300000, 0x00000000eab00000)
  object space 166912K, 41% used [0x00000000c0000000,0x00000000c4321a58,0x00000000ca300000)
 Metaspace       used 6091K, capacity 7152K, committed 7296K, reserved 1056768K
  class space    used 566K, capacity 616K, committed 640K, reserved 1048576K
GC Heap History (10 events):
Event: 1.753 GC heap before
{Heap before GC invocations=4 (full 0):
 PSYoungGen      total 71680K, used 71648K [0x00000000eab00000, 0x00000000f3700000, 0x0000000100000000)
  eden space 66560K, 100% used [0x00000000eab00000,0x00000000eec00000,0x00000000eec00000)
  from space 5120K, 99% used [0x00000000eec00000,0x00000000ef0f81f0,0x00000000ef100000)
  to   space 5120K, 0% used [0x00000000f3200000,0x00000000f3200000,0x00000000f3700000)
 ParOldGen       total 87552K, used 28392K [0x00000000c0000000, 0x00000000c5580000, 0x00000000eab00000)
  object space 87552K, 32% used [0x00000000c0000000,0x00000000c1bba250,0x00000000c5580000)
 Metaspace       used 5952K, capacity 7024K, committed 7296K, reserved 1056768K
  class space    used 562K, capacity 616K, committed 640K, reserved 1048576K
Event: 1.784 GC heap after
Heap after GC invocations=4 (full 0):
 PSYoungGen      total 138240K, used 5111K [0x00000000eab00000, 0x00000000f3700000, 0x0000000100000000)
  eden space 133120K, 0% used [0x00000000eab00000,0x00000000eab00000,0x00000000f2d00000)
  from space 5120K, 99% used [0x00000000f3200000,0x00000000f36fddf0,0x00000000f3700000)
  to   space 5120K, 0% used [0x00000000f2d00000,0x00000000f2d00000,0x00000000f3200000)
 ParOldGen       total 87552K, used 53324K [0x00000000c0000000, 0x00000000c5580000, 0x00000000eab00000)
  object space 87552K, 60% used [0x00000000c0000000,0x00000000c34130b8,0x00000000c5580000)
 Metaspace       used 5952K, capacity 7024K, committed 7296K, reserved 1056768K
  class space    used 562K, capacity 616K, committed 640K, reserved 1048576K
}
Event: 3.047 GC heap before
{Heap before GC invocations=5 (full 0):
 PSYoungGen      total 138240K, used 138231K [0x00000000eab00000, 0x00000000f3700000, 0x0000000100000000)
  eden space 133120K, 100% used [0x00000000eab00000,0x00000000f2d00000,0x00000000f2d00000)
  from space 5120K, 99% used [0x00000000f3200000,0x00000000f36fddf0,0x00000000f3700000)
  to   space 5120K, 0% used [0x00000000f2d00000,0x00000000f2d00000,0x00000000f3200000)
 ParOldGen       total 87552K, used 53324K [0x00000000c0000000, 0x00000000c5580000, 0x00000000eab00000)
  object space 87552K, 60% used [0x00000000c0000000,0x00000000c34130b8,0x00000000c5580000)
 Metaspace       used 6004K, capacity 7088K, committed 7296K, reserved 1056768K
  class space    used 562K, capacity 616K, committed 640K, reserved 1048576K
Event: 3.352 GC heap after
Heap after GC invocations=5 (full 0):
 PSYoungGen      total 138240K, used 5104K [0x00000000eab00000, 0x0000000100000000, 0x0000000100000000)
  eden space 133120K, 0% used [0x00000000eab00000,0x00000000eab00000,0x00000000f2d00000)
  from space 5120K, 99% used [0x00000000f2d00000,0x00000000f31fc2d8,0x00000000f3200000)
  to   space 55296K, 0% used [0x00000000fca00000,0x00000000fca00000,0x0000000100000000)
 ParOldGen       total 99328K, used 99069K [0x00000000c0000000, 0x00000000c6100000, 0x00000000eab00000)
  object space 99328K, 99% used [0x00000000c0000000,0x00000000c60bf588,0x00000000c6100000)
 Metaspace       used 6004K, capacity 7088K, committed 7296K, reserved 1056768K
  class space    used 562K, capacity 616K, committed 640K, reserved 1048576K
}
Event: 3.352 GC heap before
{Heap before GC invocations=6 (full 1):
 PSYoungGen      total 138240K, used 5104K [0x00000000eab00000, 0x0000000100000000, 0x0000000100000000)
  eden space 133120K, 0% used [0x00000000eab00000,0x00000000eab00000,0x00000000f2d00000)
  from space 5120K, 99% used [0x00000000f2d00000,0x00000000f31fc2d8,0x00000000f3200000)
  to   space 55296K, 0% used [0x00000000fca00000,0x00000000fca00000,0x0000000100000000)
 ParOldGen       total 99328K, used 99069K [0x00000000c0000000, 0x00000000c6100000, 0x00000000eab00000)
  object space 99328K, 99% used [0x00000000c0000000,0x00000000c60bf588,0x00000000c6100000)
 Metaspace       used 6004K, capacity 7088K, committed 7296K, reserved 1056768K
  class space    used 562K, capacity 616K, committed 640K, reserved 1048576K
Event: 4.578 GC heap after
Heap after GC invocations=6 (full 1):
 PSYoungGen      total 138240K, used 0K [0x00000000eab00000, 0x0000000100000000, 0x0000000100000000)
  eden space 133120K, 0% used [0x00000000eab00000,0x00000000eab00000,0x00000000f2d00000)
  from space 5120K, 0% used [0x00000000f2d00000,0x00000000f2d00000,0x00000000f3200000)
  to   space 55296K, 0% used [0x00000000fca00000,0x00000000fca00000,0x0000000100000000)
 ParOldGen       total 166912K, used 60001K [0x00000000c0000000, 0x00000000ca300000, 0x00000000eab00000)
  object space 166912K, 35% used [0x00000000c0000000,0x00000000c3a984c0,0x00000000ca300000)
 Metaspace       used 6004K, capacity 7088K, committed 7296K, reserved 1056768K
  class space    used 562K, capacity 616K, committed 640K, reserved 1048576K
}
Event: 6.011 GC heap before
{Heap before GC invocations=7 (full 1):
 PSYoungGen      total 138240K, used 133120K [0x00000000eab00000, 0x0000000100000000, 0x0000000100000000)
  eden space 133120K, 100% used [0x00000000eab00000,0x00000000f2d00000,0x00000000f2d00000)
  from space 5120K, 0% used [0x00000000f2d00000,0x00000000f2d00000,0x00000000f3200000)
  to   space 55296K, 0% used [0x00000000fca00000,0x00000000fca00000,0x0000000100000000)
 ParOldGen       total 166912K, used 60001K [0x00000000c0000000, 0x00000000ca300000, 0x00000000eab00000)
  object space 166912K, 35% used [0x00000000c0000000,0x00000000c3a984c0,0x00000000ca300000)
 Metaspace       used 6072K, capacity 7152K, committed 7296K, reserved 1056768K
  class space    used 564K, capacity 616K, committed 640K, reserved 1048576K
Event: 6.140 GC heap after
Heap after GC invocations=7 (full 1):
 PSYoungGen      total 209408K, used 40582K [0x00000000eab00000, 0x00000000ff200000, 0x0000000100000000)
  eden space 168448K, 0% used [0x00000000eab00000,0x00000000eab00000,0x00000000f4f80000)
  from space 40960K, 99% used [0x00000000fca00000,0x00000000ff1a1a98,0x00000000ff200000)
  to   space 58880K, 0% used [0x00000000f7f00000,0x00000000f7f00000,0x00000000fb880000)
 ParOldGen       total 166912K, used 60009K [0x00000000c0000000, 0x00000000ca300000, 0x00000000eab00000)
  object space 166912K, 35% used [0x00000000c0000000,0x00000000c3a9a4c0,0x00000000ca300000)
 Metaspace       used 6072K, capacity 7152K, committed 7296K, reserved 1056768K
  class space    used 564K, capacity 616K, committed 640K, reserved 1048576K
}
Event: 7.976 GC heap before
{Heap before GC invocations=8 (full 1):
 PSYoungGen      total 209408K, used 209030K [0x00000000eab00000, 0x00000000ff200000, 0x0000000100000000)
  eden space 168448K, 100% used [0x00000000eab00000,0x00000000f4f80000,0x00000000f4f80000)
  from space 40960K, 99% used [0x00000000fca00000,0x00000000ff1a1a98,0x00000000ff200000)
  to   space 58880K, 0% used [0x00000000f7f00000,0x00000000f7f00000,0x00000000fb880000)
 ParOldGen       total 166912K, used 60009K [0x00000000c0000000, 0x00000000ca300000, 0x00000000eab00000)
  object space 166912K, 35% used [0x00000000c0000000,0x00000000c3a9a4c0,0x00000000ca300000)
 Metaspace       used 6091K, capacity 7152K, committed 7296K, reserved 1056768K
  class space    used 566K, capacity 616K, committed 640K, reserved 1048576K
Event: 8.089 GC heap after
Heap after GC invocations=8 (full 1):
 PSYoungGen      total 227328K, used 58859K [0x00000000eab00000, 0x00000000ff200000, 0x0000000100000000)
  eden space 168448K, 0% used [0x00000000eab00000,0x00000000eab00000,0x00000000f4f80000)
  from space 58880K, 99% used [0x00000000f7f00000,0x00000000fb87adf0,0x00000000fb880000)
  to   space 40960K, 0% used [0x00000000fca00000,0x00000000fca00000,0x00000000ff200000)
 ParOldGen       total 166912K, used 68742K [0x00000000c0000000, 0x00000000ca300000, 0x00000000eab00000)
  object space 166912K, 41% used [0x00000000c0000000,0x00000000c4321a58,0x00000000ca300000)
 Metaspace       used 6091K, capacity 7152K, committed 7296K, reserved 1056768K
  class space    used 566K, capacity 616K, committed 640K, reserved 1048576K
}

