# JRE version: OpenJDK Runtime Environment (8.0_112-b06) (build 1.8.0_112-release-b06)
# Java VM: OpenJDK 64-Bit Server VM (25.112-b06 mixed mode windows-amd64 compressed oops)
Heap:
 PSYoungGen      total 249856K, used 121414K [0x00000000eab00000, 0x00000000ff480000, 0x0000000100000000)
  eden space 198656K, 35% used [0x00000000eab00000,0x00000000eef91f28,0x00000000f6d00000)
  from space 51200K, 99% used [0x00000000faa80000,0x00000000fdc7f9e8,0x00000000fdc80000)
  to   space 62976K, 0% used [0x00000000f6d00000,0x00000000f6d00000,0x00000000faa80000)
 ParOldGen       total 119296K, used 77428K [0x00000000c0000000, 0x00000000c7480000, 0x00000000eab00000)
  object space 119296K, 64% used [0x00000000c0000000,0x00000000c4b9d360,0x00000000c7480000)
 Metaspace       used 6334K, capacity 7344K, committed 7552K, reserved 1056768K
  class space    used 584K, capacity 616K, committed 640K, reserved 1048576K
GC Heap History (10 events):
Event: 5.014 GC heap before
{Heap before GC invocations=5 (full 1):
 PSYoungGen      total 71680K, used 5110K [0x00000000eab00000, 0x00000000ef600000, 0x0000000100000000)
  eden space 66560K, 0% used [0x00000000eab00000,0x00000000eab00000,0x00000000eec00000)
  from space 5120K, 99% used [0x00000000ef100000,0x00000000ef5fdb98,0x00000000ef600000)
  to   space 5120K, 0% used [0x00000000eec00000,0x00000000eec00000,0x00000000ef100000)
 ParOldGen       total 87552K, used 70321K [0x00000000c0000000, 0x00000000c5580000, 0x00000000eab00000)
  object space 87552K, 80% used [0x00000000c0000000,0x00000000c44ac420,0x00000000c5580000)
 Metaspace       used 5866K, capacity 6960K, committed 7040K, reserved 1056768K
  class space    used 563K, capacity 616K, committed 640K, reserved 1048576K
Event: 5.233 GC heap after
Heap after GC invocations=5 (full 1):
 PSYoungGen      total 71680K, used 0K [0x00000000eab00000, 0x00000000ef600000, 0x0000000100000000)
  eden space 66560K, 0% used [0x00000000eab00000,0x00000000eab00000,0x00000000eec00000)
  from space 5120K, 0% used [0x00000000ef100000,0x00000000ef100000,0x00000000ef600000)
  to   space 5120K, 0% used [0x00000000eec00000,0x00000000eec00000,0x00000000ef100000)
 ParOldGen       total 119296K, used 43411K [0x00000000c0000000, 0x00000000c7480000, 0x00000000eab00000)
  object space 119296K, 36% used [0x00000000c0000000,0x00000000c2a64db8,0x00000000c7480000)
 Metaspace       used 5866K, capacity 6960K, committed 7040K, reserved 1056768K
  class space    used 563K, capacity 616K, committed 640K, reserved 1048576K
}
Event: 5.863 GC heap before
{Heap before GC invocations=6 (full 1):
 PSYoungGen      total 71680K, used 66560K [0x00000000eab00000, 0x00000000ef600000, 0x0000000100000000)
  eden space 66560K, 100% used [0x00000000eab00000,0x00000000eec00000,0x00000000eec00000)
  from space 5120K, 0% used [0x00000000ef100000,0x00000000ef100000,0x00000000ef600000)
  to   space 5120K, 0% used [0x00000000eec00000,0x00000000eec00000,0x00000000ef100000)
 ParOldGen       total 119296K, used 43411K [0x00000000c0000000, 0x00000000c7480000, 0x00000000eab00000)
  object space 119296K, 36% used [0x00000000c0000000,0x00000000c2a64db8,0x00000000c7480000)
 Metaspace       used 5874K, capacity 6960K, committed 7040K, reserved 1056768K
  class space    used 563K, capacity 616K, committed 640K, reserved 1048576K
Event: 5.905 GC heap after
Heap after GC invocations=6 (full 1):
 PSYoungGen      total 71680K, used 5105K [0x00000000eab00000, 0x00000000f7180000, 0x0000000100000000)
  eden space 66560K, 0% used [0x00000000eab00000,0x00000000eab00000,0x00000000eec00000)
  from space 5120K, 99% used [0x00000000eec00000,0x00000000ef0fc560,0x00000000ef100000)
  to   space 41472K, 0% used [0x00000000f4900000,0x00000000f4900000,0x00000000f7180000)
 ParOldGen       total 119296K, used 65677K [0x00000000c0000000, 0x00000000c7480000, 0x00000000eab00000)
  object space 119296K, 55% used [0x00000000c0000000,0x00000000c40235c0,0x00000000c7480000)
 Metaspace       used 5874K, capacity 6960K, committed 7040K, reserved 1056768K
  class space    used 563K, capacity 616K, committed 640K, reserved 1048576K
}
Event: 6.067 GC heap before
{Heap before GC invocations=7 (full 1):
 PSYoungGen      total 71680K, used 71665K [0x00000000eab00000, 0x00000000f7180000, 0x0000000100000000)
  eden space 66560K, 100% used [0x00000000eab00000,0x00000000eec00000,0x00000000eec00000)
  from space 5120K, 99% used [0x00000000eec00000,0x00000000ef0fc560,0x00000000ef100000)
  to   space 41472K, 0% used [0x00000000f4900000,0x00000000f4900000,0x00000000f7180000)
 ParOldGen       total 119296K, used 65677K [0x00000000c0000000, 0x00000000c7480000, 0x00000000eab00000)
  object space 119296K, 55% used [0x00000000c0000000,0x00000000c40235c0,0x00000000c7480000)
 Metaspace       used 5882K, capacity 6960K, committed 7040K, reserved 1056768K
  class space    used 563K, capacity 616K, committed 640K, reserved 1048576K
Event: 6.093 GC heap after
Heap after GC invocations=7 (full 1):
 PSYoungGen      total 159744K, used 32433K [0x00000000eab00000, 0x00000000f7500000, 0x0000000100000000)
  eden space 118272K, 0% used [0x00000000eab00000,0x00000000eab00000,0x00000000f1e80000)
  from space 41472K, 78% used [0x00000000f4900000,0x00000000f68ac4a0,0x00000000f7180000)
  to   space 43520K, 0% used [0x00000000f1e80000,0x00000000f1e80000,0x00000000f4900000)
 ParOldGen       total 119296K, used 65685K [0x00000000c0000000, 0x00000000c7480000, 0x00000000eab00000)
  object space 119296K, 55% used [0x00000000c0000000,0x00000000c40255c0,0x00000000c7480000)
 Metaspace       used 5882K, capacity 6960K, committed 7040K, reserved 1056768K
  class space    used 563K, capacity 616K, committed 640K, reserved 1048576K
}
Event: 6.343 GC heap before
{Heap before GC invocations=8 (full 1):
 PSYoungGen      total 159744K, used 150705K [0x00000000eab00000, 0x00000000f7500000, 0x0000000100000000)
  eden space 118272K, 100% used [0x00000000eab00000,0x00000000f1e80000,0x00000000f1e80000)
  from space 41472K, 78% used [0x00000000f4900000,0x00000000f68ac4a0,0x00000000f7180000)
  to   space 43520K, 0% used [0x00000000f1e80000,0x00000000f1e80000,0x00000000f4900000)
 ParOldGen       total 119296K, used 65685K [0x00000000c0000000, 0x00000000c7480000, 0x00000000eab00000)
  object space 119296K, 55% used [0x00000000c0000000,0x00000000c40255c0,0x00000000c7480000)
 Metaspace       used 5942K, capacity 7024K, committed 7296K, reserved 1056768K
  class space    used 563K, capacity 616K, committed 640K, reserved 1048576K
Event: 6.369 GC heap after
Heap after GC invocations=8 (full 1):
 PSYoungGen      total 161792K, used 43506K [0x00000000eab00000, 0x00000000fdc80000, 0x0000000100000000)
  eden space 118272K, 0% used [0x00000000eab00000,0x00000000eab00000,0x00000000f1e80000)
  from space 43520K, 99% used [0x00000000f1e80000,0x00000000f48fc8b0,0x00000000f4900000)
  to   space 51200K, 0% used [0x00000000faa80000,0x00000000faa80000,0x00000000fdc80000)
 ParOldGen       total 119296K, used 67774K [0x00000000c0000000, 0x00000000c7480000, 0x00000000eab00000)
  object space 119296K, 56% used [0x00000000c0000000,0x00000000c422f940,0x00000000c7480000)
 Metaspace       used 5942K, capacity 7024K, committed 7296K, reserved 1056768K
  class space    used 563K, capacity 616K, committed 640K, reserved 1048576K
}
Event: 6.670 GC heap before
{Heap before GC invocations=9 (full 1):
 PSYoungGen      total 161792K, used 161778K [0x00000000eab00000, 0x00000000fdc80000, 0x0000000100000000)
  eden space 118272K, 100% used [0x00000000eab00000,0x00000000f1e80000,0x00000000f1e80000)
  from space 43520K, 99% used [0x00000000f1e80000,0x00000000f48fc8b0,0x00000000f4900000)
  to   space 51200K, 0% used [0x00000000faa80000,0x00000000faa80000,0x00000000fdc80000)
 ParOldGen       total 119296K, used 67774K [0x00000000c0000000, 0x00000000c7480000, 0x00000000eab00000)
  object space 119296K, 56% used [0x00000000c0000000,0x00000000c422f940,0x00000000c7480000)
 Metaspace       used 5989K, capacity 7088K, committed 7296K, reserved 1056768K
  class space    used 565K, capacity 616K, committed 640K, reserved 1048576K
Event: 6.735 GC heap after
Heap after GC invocations=9 (full 1):
 PSYoungGen      total 249856K, used 51198K [0x00000000eab00000, 0x00000000ff480000, 0x0000000100000000)
  eden space 198656K, 0% used [0x00000000eab00000,0x00000000eab00000,0x00000000f6d00000)
  from space 51200K, 99% used [0x00000000faa80000,0x00000000fdc7f9e8,0x00000000fdc80000)
  to   space 62976K, 0% used [0x00000000f6d00000,0x00000000f6d00000,0x00000000faa80000)
 ParOldGen       total 119296K, used 77428K [0x00000000c0000000, 0x00000000c7480000, 0x00000000eab00000)
  object space 119296K, 64% used [0x00000000c0000000,0x00000000c4b9d360,0x00000000c7480000)
 Metaspace       used 5989K, capacity 7088K, committed 7296K, reserved 1056768K
  class space    used 565K, capacity 616K, committed 640K, reserved 1048576K
}

